This file contains any messages produced by compilers while
running configure, to aid debugging if configure makes a mistake.

It was created by Check configure 0.9.10, which was
generated by GNU Autoconf 2.63.  Invocation command line was

  $ ./configure PKG_CONFIG_PATH=/usr/local/lib/pkgconfig --no-create --no-recursion

## --------- ##
## Platform. ##
## --------- ##

hostname = localhost.localdomain
uname -m = x86_64
uname -r = 2.6.32-642.el6.x86_64
uname -s = Linux
uname -v = #1 SMP Tue May 10 17:27:01 UTC 2016

/usr/bin/uname -p = unknown
/bin/uname -X     = unknown

/bin/arch              = x86_64
/usr/bin/arch -k       = unknown
/usr/convex/getsysinfo = unknown
/usr/bin/hostinfo      = unknown
/bin/machine           = unknown
/usr/bin/oslevel       = unknown
/bin/universe          = unknown

PATH: /usr/local/bin
PATH: /usr/bin
PATH: /bin
PATH: /usr/local/sbin
PATH: /usr/sbin
PATH: /sbin
PATH: /home/wangying/bin


## ----------- ##
## Core tests. ##
## ----------- ##

configure:2157: checking for gcc
configure:2173: found /usr/local/bin/gcc
configure:2184: result: gcc
configure:2416: checking for C compiler version
configure:2424: gcc --version >&5
gcc (GCC) 4.8.2 20140120 (Red Hat 4.8.2-15)
Copyright (C) 2013 Free Software Foundation, Inc.
This is free software; see the source for copying conditions.  There is NO
warranty; not even for MERCHANTABILITY or FITNESS FOR A PARTICULAR PURPOSE.

configure:2428: $? = 0
configure:2435: gcc -v >&5
Using built-in specs.
COLLECT_GCC=gcc
COLLECT_LTO_WRAPPER=/opt/rh/devtoolset-2/root/usr/libexec/gcc/x86_64-redhat-linux/4.8.2/lto-wrapper
Target: x86_64-redhat-linux
Configured with: ../configure --prefix=/opt/rh/devtoolset-2/root/usr --mandir=/opt/rh/devtoolset-2/root/usr/share/man --infodir=/opt/rh/devtoolset-2/root/usr/share/info --with-bugurl=http://bugzilla.redhat.com/bugzilla --enable-bootstrap --enable-shared --enable-threads=posix --enable-checking=release --with-system-zlib --enable-__cxa_atexit --disable-libunwind-exceptions --enable-gnu-unique-object --enable-linker-build-id --enable-languages=c,c++,fortran,lto --enable-plugin --with-linker-hash-style=gnu --enable-initfini-array --disable-libgcj --with-isl=/dev/shm/home/centos/rpm/BUILD/gcc-4.8.2-20140120/obj-x86_64-redhat-linux/isl-install --with-cloog=/dev/shm/home/centos/rpm/BUILD/gcc-4.8.2-20140120/obj-x86_64-redhat-linux/cloog-install --with-mpc=/dev/shm/home/centos/rpm/BUILD/gcc-4.8.2-20140120/obj-x86_64-redhat-linux/mpc-install --with-tune=generic --with-arch_32=i686 --build=x86_64-redhat-linux
Thread model: posix
gcc version 4.8.2 20140120 (Red Hat 4.8.2-15) (GCC) 
configure:2439: $? = 0
configure:2446: gcc -V >&5
gcc: error: unrecognized command line option '-V'
gcc: fatal error: no input files
compilation terminated.
configure:2450: $? = 4
configure:2473: checking for C compiler default output file name
configure:2495: gcc    conftest.c  >&5
configure:2499: $? = 0
configure:2537: result: a.out
configure:2556: checking whether the C compiler works
configure:2566: ./a.out
configure:2570: $? = 0
configure:2589: result: yes
configure:2596: checking whether we are cross compiling
configure:2598: result: no
configure:2601: checking for suffix of executables
configure:2608: gcc -o conftest    conftest.c  >&5
configure:2612: $? = 0
configure:2638: result: 
configure:2644: checking for suffix of object files
configure:2670: gcc -c   conftest.c >&5
configure:2674: $? = 0
configure:2699: result: o
configure:2703: checking whether we are using the GNU C compiler
configure:2732: gcc -c   conftest.c >&5
configure:2739: $? = 0
configure:2756: result: yes
configure:2765: checking whether gcc accepts -g
configure:2795: gcc -c -g  conftest.c >&5
configure:2802: $? = 0
configure:2903: result: yes
configure:2920: checking for gcc option to accept ISO C89
configure:2994: gcc  -c -g -O2  conftest.c >&5
configure:3001: $? = 0
configure:3024: result: none needed
configure:3048: checking how to run the C preprocessor
configure:3088: gcc -E  conftest.c
configure:3095: $? = 0
configure:3126: gcc -E  conftest.c
conftest.c:8:28: fatal error: ac_nonexistent.h: No such file or directory
 #include <ac_nonexistent.h>
                            ^
compilation terminated.
configure:3133: $? = 1
configure: failed program was:
| /* confdefs.h.  */
| #define PACKAGE_NAME "Check"
| #define PACKAGE_TARNAME "check"
| #define PACKAGE_VERSION "0.9.10"
| #define PACKAGE_STRING "Check 0.9.10"
| #define PACKAGE_BUGREPORT "check-devel at lists dot sourceforge dot net"
| /* end confdefs.h.  */
| #include <ac_nonexistent.h>
configure:3166: result: gcc -E
configure:3195: gcc -E  conftest.c
configure:3202: $? = 0
configure:3233: gcc -E  conftest.c
conftest.c:8:28: fatal error: ac_nonexistent.h: No such file or directory
 #include <ac_nonexistent.h>
                            ^
compilation terminated.
configure:3240: $? = 1
configure: failed program was:
| /* confdefs.h.  */
| #define PACKAGE_NAME "Check"
| #define PACKAGE_TARNAME "check"
| #define PACKAGE_VERSION "0.9.10"
| #define PACKAGE_STRING "Check 0.9.10"
| #define PACKAGE_BUGREPORT "check-devel at lists dot sourceforge dot net"
| /* end confdefs.h.  */
| #include <ac_nonexistent.h>
configure:3280: checking for grep that handles long lines and -e
configure:3340: result: /bin/grep
configure:3345: checking for egrep
configure:3409: result: /bin/grep -E
configure:3414: checking for ANSI C header files
configure:3444: gcc -c -g -O2  conftest.c >&5
configure:3451: $? = 0
configure:3550: gcc -o conftest -g -O2   conftest.c  >&5
configure:3554: $? = 0
configure:3560: ./conftest
configure:3564: $? = 0
configure:3582: result: yes
configure:3606: checking for sys/types.h
configure:3627: gcc -c -g -O2  conftest.c >&5
configure:3634: $? = 0
configure:3651: result: yes
configure:3606: checking for sys/stat.h
configure:3627: gcc -c -g -O2  conftest.c >&5
configure:3634: $? = 0
configure:3651: result: yes
configure:3606: checking for stdlib.h
configure:3627: gcc -c -g -O2  conftest.c >&5
configure:3634: $? = 0
configure:3651: result: yes
configure:3606: checking for string.h
configure:3627: gcc -c -g -O2  conftest.c >&5
configure:3634: $? = 0
configure:3651: result: yes
configure:3606: checking for memory.h
configure:3627: gcc -c -g -O2  conftest.c >&5
configure:3634: $? = 0
configure:3651: result: yes
configure:3606: checking for strings.h
configure:3627: gcc -c -g -O2  conftest.c >&5
configure:3634: $? = 0
configure:3651: result: yes
configure:3606: checking for inttypes.h
configure:3627: gcc -c -g -O2  conftest.c >&5
configure:3634: $? = 0
configure:3651: result: yes
configure:3606: checking for stdint.h
configure:3627: gcc -c -g -O2  conftest.c >&5
configure:3634: $? = 0
configure:3651: result: yes
configure:3606: checking for unistd.h
configure:3627: gcc -c -g -O2  conftest.c >&5
configure:3634: $? = 0
configure:3651: result: yes
configure:3676: checking minix/config.h usability
configure:3693: gcc -c -g -O2  conftest.c >&5
conftest.c:51:26: fatal error: minix/config.h: No such file or directory
 #include <minix/config.h>
                          ^
compilation terminated.
configure:3700: $? = 1
configure: failed program was:
| /* confdefs.h.  */
| #define PACKAGE_NAME "Check"
| #define PACKAGE_TARNAME "check"
| #define PACKAGE_VERSION "0.9.10"
| #define PACKAGE_STRING "Check 0.9.10"
| #define PACKAGE_BUGREPORT "check-devel at lists dot sourceforge dot net"
| #define STDC_HEADERS 1
| #define HAVE_SYS_TYPES_H 1
| #define HAVE_SYS_STAT_H 1
| #define HAVE_STDLIB_H 1
| #define HAVE_STRING_H 1
| #define HAVE_MEMORY_H 1
| #define HAVE_STRINGS_H 1
| #define HAVE_INTTYPES_H 1
| #define HAVE_STDINT_H 1
| #define HAVE_UNISTD_H 1
| /* end confdefs.h.  */
| #include <stdio.h>
| #ifdef HAVE_SYS_TYPES_H
| # include <sys/types.h>
| #endif
| #ifdef HAVE_SYS_STAT_H
| # include <sys/stat.h>
| #endif
| #ifdef STDC_HEADERS
| # include <stdlib.h>
| # include <stddef.h>
| #else
| # ifdef HAVE_STDLIB_H
| #  include <stdlib.h>
| # endif
| #endif
| #ifdef HAVE_STRING_H
| # if !defined STDC_HEADERS && defined HAVE_MEMORY_H
| #  include <memory.h>
| # endif
| # include <string.h>
| #endif
| #ifdef HAVE_STRINGS_H
| # include <strings.h>
| #endif
| #ifdef HAVE_INTTYPES_H
| # include <inttypes.h>
| #endif
| #ifdef HAVE_STDINT_H
| # include <stdint.h>
| #endif
| #ifdef HAVE_UNISTD_H
| # include <unistd.h>
| #endif
| #include <minix/config.h>
configure:3714: result: no
configure:3718: checking minix/config.h presence
configure:3733: gcc -E  conftest.c
conftest.c:18:26: fatal error: minix/config.h: No such file or directory
 #include <minix/config.h>
                          ^
compilation terminated.
configure:3740: $? = 1
configure: failed program was:
| /* confdefs.h.  */
| #define PACKAGE_NAME "Check"
| #define PACKAGE_TARNAME "check"
| #define PACKAGE_VERSION "0.9.10"
| #define PACKAGE_STRING "Check 0.9.10"
| #define PACKAGE_BUGREPORT "check-devel at lists dot sourceforge dot net"
| #define STDC_HEADERS 1
| #define HAVE_SYS_TYPES_H 1
| #define HAVE_SYS_STAT_H 1
| #define HAVE_STDLIB_H 1
| #define HAVE_STRING_H 1
| #define HAVE_MEMORY_H 1
| #define HAVE_STRINGS_H 1
| #define HAVE_INTTYPES_H 1
| #define HAVE_STDINT_H 1
| #define HAVE_UNISTD_H 1
| /* end confdefs.h.  */
| #include <minix/config.h>
configure:3754: result: no
configure:3787: checking for minix/config.h
configure:3794: result: no
configure:3825: checking whether it is safe to define __EXTENSIONS__
configure:3853: gcc -c -g -O2  conftest.c >&5
configure:3860: $? = 0
configure:3875: result: yes
configure:3917: checking for a BSD-compatible install
configure:3985: result: /usr/bin/install -c
configure:3996: checking whether build environment is sane
configure:4056: result: yes
configure:4197: checking for a thread-safe mkdir -p
configure:4236: result: /bin/mkdir -p
configure:4249: checking for gawk
configure:4265: found /usr/bin/gawk
configure:4276: result: gawk
configure:4287: checking whether make sets $(MAKE)
configure:4309: result: yes
configure:4339: checking for style of include used by make
configure:4367: result: GNU
configure:4455: checking dependency style of gcc
configure:4566: result: gcc3
configure:4586: checking for minix/config.h
configure:4591: result: no
configure:4744: checking whether it is safe to define __EXTENSIONS__
configure:4794: result: yes
configure:4915: checking for gawk
configure:4942: result: gawk
configure:5001: checking for gcc
configure:5028: result: gcc
configure:5260: checking for C compiler version
configure:5268: gcc --version >&5
gcc (GCC) 4.8.2 20140120 (Red Hat 4.8.2-15)
Copyright (C) 2013 Free Software Foundation, Inc.
This is free software; see the source for copying conditions.  There is NO
warranty; not even for MERCHANTABILITY or FITNESS FOR A PARTICULAR PURPOSE.

configure:5272: $? = 0
configure:5279: gcc -v >&5
Using built-in specs.
COLLECT_GCC=gcc
COLLECT_LTO_WRAPPER=/opt/rh/devtoolset-2/root/usr/libexec/gcc/x86_64-redhat-linux/4.8.2/lto-wrapper
Target: x86_64-redhat-linux
Configured with: ../configure --prefix=/opt/rh/devtoolset-2/root/usr --mandir=/opt/rh/devtoolset-2/root/usr/share/man --infodir=/opt/rh/devtoolset-2/root/usr/share/info --with-bugurl=http://bugzilla.redhat.com/bugzilla --enable-bootstrap --enable-shared --enable-threads=posix --enable-checking=release --with-system-zlib --enable-__cxa_atexit --disable-libunwind-exceptions --enable-gnu-unique-object --enable-linker-build-id --enable-languages=c,c++,fortran,lto --enable-plugin --with-linker-hash-style=gnu --enable-initfini-array --disable-libgcj --with-isl=/dev/shm/home/centos/rpm/BUILD/gcc-4.8.2-20140120/obj-x86_64-redhat-linux/isl-install --with-cloog=/dev/shm/home/centos/rpm/BUILD/gcc-4.8.2-20140120/obj-x86_64-redhat-linux/cloog-install --with-mpc=/dev/shm/home/centos/rpm/BUILD/gcc-4.8.2-20140120/obj-x86_64-redhat-linux/mpc-install --with-tune=generic --with-arch_32=i686 --build=x86_64-redhat-linux
Thread model: posix
gcc version 4.8.2 20140120 (Red Hat 4.8.2-15) (GCC) 
configure:5283: $? = 0
configure:5290: gcc -V >&5
gcc: error: unrecognized command line option '-V'
gcc: fatal error: no input files
compilation terminated.
configure:5294: $? = 4
configure:5297: checking whether we are using the GNU C compiler
configure:5350: result: yes
configure:5359: checking whether gcc accepts -g
configure:5497: result: yes
configure:5514: checking for gcc option to accept ISO C89
configure:5618: result: none needed
configure:5638: checking whether gcc and cc understand -c and -o together
configure:5673: gcc -c conftest.c -o conftest2.o >&5
configure:5677: $? = 0
configure:5683: gcc -c conftest.c -o conftest2.o >&5
configure:5687: $? = 0
configure:5698: cc -c conftest.c >&5
configure:5702: $? = 0
configure:5710: cc -c conftest.c -o conftest2.o >&5
configure:5714: $? = 0
configure:5720: cc -c conftest.c -o conftest2.o >&5
configure:5724: $? = 0
configure:5742: result: yes
configure:5783: checking for a BSD-compatible install
configure:5851: result: /usr/bin/install -c
configure:5862: checking whether ln -s works
configure:5866: result: yes
configure:5924: checking for ar
configure:5940: found /usr/local/bin/ar
configure:5951: result: ar
configure:5977: checking the archiver (ar) interface
configure:5997: gcc -c -g -O2  conftest.c >&5
configure:6004: $? = 0
configure:6010: ar cru libconftest.a conftest.o >&5
configure:6013: $? = 0
configure:6042: result: ar
configure:6095: checking build system type
configure:6113: result: x86_64-unknown-linux-gnu
configure:6135: checking host system type
configure:6150: result: x86_64-unknown-linux-gnu
configure:6172: checking for a sed that does not truncate output
configure:6238: result: /bin/sed
configure:6256: checking for fgrep
configure:6320: result: /bin/grep -F
configure:6355: checking for ld used by gcc
configure:6422: result: /opt/rh/devtoolset-2/root/usr/libexec/gcc/x86_64-redhat-linux/4.8.2/ld
configure:6431: checking if the linker (/opt/rh/devtoolset-2/root/usr/libexec/gcc/x86_64-redhat-linux/4.8.2/ld) is GNU ld
configure:6446: result: yes
configure:6458: checking for BSD- or MS-compatible name lister (nm)
configure:6507: result: /usr/local/bin/nm -B
configure:6625: checking the name lister (/usr/local/bin/nm -B) interface
configure:6632: gcc -c -g -O2  conftest.c >&5
configure:6635: /usr/local/bin/nm -B "conftest.o"
configure:6638: output
0000000000000000 B some_variable
configure:6645: result: BSD nm
configure:6649: checking the maximum length of command line arguments
configure:6769: result: 1966080
configure:6786: checking whether the shell understands some XSI constructs
configure:6796: result: yes
configure:6800: checking whether the shell understands "+="
configure:6806: result: yes
configure:6841: checking for /opt/rh/devtoolset-2/root/usr/libexec/gcc/x86_64-redhat-linux/4.8.2/ld option to reload object files
configure:6848: result: -r
configure:6917: checking for objdump
configure:6933: found /usr/local/bin/objdump
configure:6944: result: objdump
configure:6976: checking how to recognize dependent libraries
configure:7172: result: pass_all
configure:7232: checking for ar
configure:7259: result: ar
configure:7337: checking for strip
configure:7353: found /usr/local/bin/strip
configure:7364: result: strip
configure:7436: checking for ranlib
configure:7452: found /usr/local/bin/ranlib
configure:7463: result: ranlib
configure:7553: checking command to parse /usr/local/bin/nm -B output from gcc object
configure:7671: gcc -c -g -O2  conftest.c >&5
configure:7674: $? = 0
configure:7678: /usr/local/bin/nm -B conftest.o \| sed -n -e 's/^.*[	 ]\([ABCDGIRSTW][ABCDGIRSTW]*\)[	 ][	 ]*\([_A-Za-z][_A-Za-z0-9]*\)$/\1 \2 \2/p' \> conftest.nm
configure:7681: $? = 0
configure:7735: gcc -o conftest -g -O2   conftest.c conftstm.o >&5
configure:7738: $? = 0
configure:7776: result: ok
configure:7871: gcc -c -g -O2  conftest.c >&5
configure:7874: $? = 0
configure:8641: checking for dlfcn.h
configure:8662: gcc -c -g -O2  conftest.c >&5
configure:8669: $? = 0
configure:8686: result: yes
configure:8872: checking for objdir
configure:8887: result: .libs
configure:9183: checking if gcc supports -fno-rtti -fno-exceptions
configure:9201: gcc -c -g -O2  -fno-rtti -fno-exceptions conftest.c >&5
cc1: warning: command line option '-fno-rtti' is valid for C++/ObjC++ but not for C [enabled by default]
configure:9205: $? = 0
configure:9218: result: no
configure:9238: checking for gcc option to produce PIC
configure:9510: result: -fPIC -DPIC
configure:9522: checking if gcc PIC flag -fPIC -DPIC works
configure:9540: gcc -c -g -O2  -fPIC -DPIC -DPIC conftest.c >&5
configure:9544: $? = 0
configure:9557: result: yes
configure:9581: checking if gcc static flag -static works
configure:9609: result: no
configure:9624: checking if gcc supports -c -o file.o
configure:9645: gcc -c -g -O2  -o out/conftest2.o conftest.c >&5
configure:9649: $? = 0
configure:9671: result: yes
configure:9679: checking if gcc supports -c -o file.o
configure:9726: result: yes
configure:9759: checking whether the gcc linker (/opt/rh/devtoolset-2/root/usr/libexec/gcc/x86_64-redhat-linux/4.8.2/ld -m elf_x86_64) supports shared libraries
configure:10838: result: yes
configure:10875: checking whether -lc should be explicitly linked in
configure:10880: gcc -c -g -O2  conftest.c >&5
configure:10883: $? = 0
configure:10898: gcc -shared conftest.o  -v -Wl,-soname -Wl,conftest -o conftest 2\>\&1 \| /bin/grep  -lc  \>/dev/null 2\>\&1
configure:10901: $? = 0
configure:10913: result: no
configure:11077: checking dynamic linker characteristics
configure:11520: gcc -o conftest -g -O2   -Wl,-rpath -Wl,/foo conftest.c  >&5
configure:11527: $? = 0
configure:11772: result: GNU/Linux ld.so
configure:11874: checking how to hardcode library paths into programs
configure:11899: result: immediate
configure:12732: checking whether stripping libraries is possible
configure:12737: result: yes
configure:12772: checking if libtool supports shared libraries
configure:12774: result: yes
configure:12777: checking whether to build shared libraries
configure:12798: result: yes
configure:12801: checking whether to build static libraries
configure:12805: result: yes
configure:12843: checking CFLAGS for maximum ansi warnings
configure:12885: gcc -c -g -O2 -pedantic  -Wall -ansi -pedantic  conftest.c >&5
configure:12892: $? = 0
configure:12916: result: -Wall -ansi -pedantic
configure:12929: : CFLAGS="$CFLAGS $ac_cv_cflags_warn_all_ansi"
configure:12932: $? = 0
configure:12946: checking whether the C compiler accepts the -Wextra flag
configure:12985: gcc -c -g -O2 -Wall -ansi -pedantic -Wextra  conftest.c >&5
configure:12992: $? = 0
configure:13024: result: yes
configure:13047: checking whether the C compiler accepts the -Wstrict-prototypes flag
configure:13086: gcc -c -g -O2 -Wall -ansi -pedantic -Wextra -Wstrict-prototypes  conftest.c >&5
conftest.c:35:1: warning: function declaration isn't a prototype [-Wstrict-prototypes]
 main ()
 ^
configure:13093: $? = 0
configure:13125: result: yes
configure:13148: checking whether the C compiler accepts the -Wmissing-prototypes flag
configure:13187: gcc -c -g -O2 -Wall -ansi -pedantic -Wextra -Wstrict-prototypes -Wmissing-prototypes  conftest.c >&5
conftest.c:35:1: warning: function declaration isn't a prototype [-Wstrict-prototypes]
 main ()
 ^
configure:13194: $? = 0
configure:13226: result: yes
configure:13249: checking whether the C compiler accepts the -Wwrite-strings flag
configure:13288: gcc -c -g -O2 -Wall -ansi -pedantic -Wextra -Wstrict-prototypes -Wmissing-prototypes -Wwrite-strings  conftest.c >&5
conftest.c:35:1: warning: function declaration isn't a prototype [-Wstrict-prototypes]
 main ()
 ^
configure:13295: $? = 0
configure:13327: result: yes
configure:13350: checking whether the C compiler accepts the -Wno-variadic-macros flag
configure:13389: gcc -c -g -O2 -Wall -ansi -pedantic -Wextra -Wstrict-prototypes -Wmissing-prototypes -Wwrite-strings -Wno-variadic-macros  conftest.c >&5
conftest.c:35:1: warning: function declaration isn't a prototype [-Wstrict-prototypes]
 main ()
 ^
configure:13396: $? = 0
configure:13428: result: yes
configure:13449: checking for gcov
configure:13465: found /usr/local/bin/gcov
configure:13476: result: gcov
configure:13492: checking for lcov
configure:13522: result: no
configure:13535: checking for genhtml
configure:13565: result: no
configure:13578: checking for tex
configure:13608: result: no
configure:13621: WARNING: tex not installed: cannot rebuild HTML documentation.
configure:13627: checking for floor in -lm
configure:13662: gcc -o conftest -g -O2 -Wall -ansi -pedantic -Wextra -Wstrict-prototypes -Wmissing-prototypes -Wwrite-strings -Wno-variadic-macros   conftest.c -lm   >&5
conftest.c:39:1: warning: function declaration isn't a prototype [-Wstrict-prototypes]
 char floor ();
 ^
conftest.c:39:6: warning: conflicting types for built-in function 'floor' [enabled by default]
 char floor ();
      ^
conftest.c:41:1: warning: function declaration isn't a prototype [-Wstrict-prototypes]
 main ()
 ^
configure:13669: $? = 0
configure:13690: result: yes
configure:13705: checking for clock_gettime, timer_create, timer_settime, timer_delete in -lrt
configure:13740: gcc -o conftest -g -O2 -Wall -ansi -pedantic -Wextra -Wstrict-prototypes -Wmissing-prototypes -Wwrite-strings -Wno-variadic-macros   conftest.c -lrt  -lm  >&5
conftest.c:40:1: warning: function declaration isn't a prototype [-Wstrict-prototypes]
 char clock_gettime, timer_create, timer_settime, timer_delete ();
 ^
conftest.c:42:1: warning: function declaration isn't a prototype [-Wstrict-prototypes]
 main ()
 ^
conftest.c: In function 'main':
conftest.c:44:21: warning: left-hand operand of comma expression has no effect [-Wunused-value]
 return clock_gettime, timer_create, timer_settime, timer_delete ();
                     ^
conftest.c:44:35: warning: left-hand operand of comma expression has no effect [-Wunused-value]
 return clock_gettime, timer_create, timer_settime, timer_delete ();
                                   ^
conftest.c:44:50: warning: left-hand operand of comma expression has no effect [-Wunused-value]
 return clock_gettime, timer_create, timer_settime, timer_delete ();
                                                  ^
configure:13747: $? = 0
configure:13768: result: yes
configure:13782: checking for struct itimerspec.it_interval
configure:13811: gcc -c -g -O2 -Wall -ansi -pedantic -Wextra -Wstrict-prototypes -Wmissing-prototypes -Wwrite-strings -Wno-variadic-macros  conftest.c >&5
conftest.c:37:1: warning: function declaration isn't a prototype [-Wstrict-prototypes]
 main ()
 ^
conftest.c: In function 'main':
conftest.c:40:5: error: used struct type value where scalar is required
 if (ac_aggr.it_interval)
     ^
conftest.c:39:26: warning: variable 'ac_aggr' set but not used [-Wunused-but-set-variable]
 static struct itimerspec ac_aggr;
                          ^
configure:13818: $? = 1
configure: failed program was:
| /* confdefs.h.  */
| #define PACKAGE_NAME "Check"
| #define PACKAGE_TARNAME "check"
| #define PACKAGE_VERSION "0.9.10"
| #define PACKAGE_STRING "Check 0.9.10"
| #define PACKAGE_BUGREPORT "check-devel at lists dot sourceforge dot net"
| #define STDC_HEADERS 1
| #define HAVE_SYS_TYPES_H 1
| #define HAVE_SYS_STAT_H 1
| #define HAVE_STDLIB_H 1
| #define HAVE_STRING_H 1
| #define HAVE_MEMORY_H 1
| #define HAVE_STRINGS_H 1
| #define HAVE_INTTYPES_H 1
| #define HAVE_STDINT_H 1
| #define HAVE_UNISTD_H 1
| #define __EXTENSIONS__ 1
| #define _ALL_SOURCE 1
| #define _GNU_SOURCE 1
| #define _POSIX_PTHREAD_SEMANTICS 1
| #define _TANDEM_SOURCE 1
| #define PACKAGE "check"
| #define VERSION "0.9.10"
| #define __EXTENSIONS__ 1
| #define _ALL_SOURCE 1
| #define _GNU_SOURCE 1
| #define _POSIX_PTHREAD_SEMANTICS 1
| #define _TANDEM_SOURCE 1
| #define HAVE_DLFCN_H 1
| #define LT_OBJDIR ".libs/"
| #define HAVE_LIBM 1
| #define HAVE_LIBRT 1
| /* end confdefs.h.  */
| #include <time.h>
| 
| int
| main ()
| {
| static struct itimerspec ac_aggr;
| if (ac_aggr.it_interval)
| return 0;
|   ;
|   return 0;
| }
configure:13852: gcc -c -g -O2 -Wall -ansi -pedantic -Wextra -Wstrict-prototypes -Wmissing-prototypes -Wwrite-strings -Wno-variadic-macros  conftest.c >&5
conftest.c:37:1: warning: function declaration isn't a prototype [-Wstrict-prototypes]
 main ()
 ^
configure:13859: $? = 0
configure:13877: result: yes
configure:13893: checking for struct itimerspec.it_value
configure:13922: gcc -c -g -O2 -Wall -ansi -pedantic -Wextra -Wstrict-prototypes -Wmissing-prototypes -Wwrite-strings -Wno-variadic-macros  conftest.c >&5
conftest.c:38:1: warning: function declaration isn't a prototype [-Wstrict-prototypes]
 main ()
 ^
conftest.c: In function 'main':
conftest.c:41:5: error: used struct type value where scalar is required
 if (ac_aggr.it_value)
     ^
conftest.c:40:26: warning: variable 'ac_aggr' set but not used [-Wunused-but-set-variable]
 static struct itimerspec ac_aggr;
                          ^
configure:13929: $? = 1
configure: failed program was:
| /* confdefs.h.  */
| #define PACKAGE_NAME "Check"
| #define PACKAGE_TARNAME "check"
| #define PACKAGE_VERSION "0.9.10"
| #define PACKAGE_STRING "Check 0.9.10"
| #define PACKAGE_BUGREPORT "check-devel at lists dot sourceforge dot net"
| #define STDC_HEADERS 1
| #define HAVE_SYS_TYPES_H 1
| #define HAVE_SYS_STAT_H 1
| #define HAVE_STDLIB_H 1
| #define HAVE_STRING_H 1
| #define HAVE_MEMORY_H 1
| #define HAVE_STRINGS_H 1
| #define HAVE_INTTYPES_H 1
| #define HAVE_STDINT_H 1
| #define HAVE_UNISTD_H 1
| #define __EXTENSIONS__ 1
| #define _ALL_SOURCE 1
| #define _GNU_SOURCE 1
| #define _POSIX_PTHREAD_SEMANTICS 1
| #define _TANDEM_SOURCE 1
| #define PACKAGE "check"
| #define VERSION "0.9.10"
| #define __EXTENSIONS__ 1
| #define _ALL_SOURCE 1
| #define _GNU_SOURCE 1
| #define _POSIX_PTHREAD_SEMANTICS 1
| #define _TANDEM_SOURCE 1
| #define HAVE_DLFCN_H 1
| #define LT_OBJDIR ".libs/"
| #define HAVE_LIBM 1
| #define HAVE_LIBRT 1
| #define HAVE_STRUCT_ITIMERSPEC_IT_INTERVAL 1
| /* end confdefs.h.  */
| #include <time.h>
| 
| int
| main ()
| {
| static struct itimerspec ac_aggr;
| if (ac_aggr.it_value)
| return 0;
|   ;
|   return 0;
| }
configure:13963: gcc -c -g -O2 -Wall -ansi -pedantic -Wextra -Wstrict-prototypes -Wmissing-prototypes -Wwrite-strings -Wno-variadic-macros  conftest.c >&5
conftest.c:38:1: warning: function declaration isn't a prototype [-Wstrict-prototypes]
 main ()
 ^
configure:13970: $? = 0
configure:13988: result: yes
configure:14007: checking for ANSI C header files
configure:14175: result: yes
configure:14185: checking for sys/wait.h that is POSIX.1 compatible
configure:14221: gcc -c -g -O2 -Wall -ansi -pedantic -Wextra -Wstrict-prototypes -Wmissing-prototypes -Wwrite-strings -Wno-variadic-macros  conftest.c >&5
conftest.c:47:1: warning: function declaration isn't a prototype [-Wstrict-prototypes]
 main ()
 ^
configure:14228: $? = 0
configure:14243: result: yes
configure:14274: checking fcntl.h usability
configure:14291: gcc -c -g -O2 -Wall -ansi -pedantic -Wextra -Wstrict-prototypes -Wmissing-prototypes -Wwrite-strings -Wno-variadic-macros  conftest.c >&5
configure:14298: $? = 0
configure:14312: result: yes
configure:14316: checking fcntl.h presence
configure:14331: gcc -E  conftest.c
configure:14338: $? = 0
configure:14352: result: yes
configure:14385: checking for fcntl.h
configure:14394: result: yes
configure:14274: checking stddef.h usability
configure:14291: gcc -c -g -O2 -Wall -ansi -pedantic -Wextra -Wstrict-prototypes -Wmissing-prototypes -Wwrite-strings -Wno-variadic-macros  conftest.c >&5
configure:14298: $? = 0
configure:14312: result: yes
configure:14316: checking stddef.h presence
configure:14331: gcc -E  conftest.c
configure:14338: $? = 0
configure:14352: result: yes
configure:14385: checking for stddef.h
configure:14394: result: yes
configure:14263: checking for stdlib.h
configure:14270: result: yes
configure:14263: checking for string.h
configure:14270: result: yes
configure:14274: checking sys/time.h usability
configure:14291: gcc -c -g -O2 -Wall -ansi -pedantic -Wextra -Wstrict-prototypes -Wmissing-prototypes -Wwrite-strings -Wno-variadic-macros  conftest.c >&5
configure:14298: $? = 0
configure:14312: result: yes
configure:14316: checking sys/time.h presence
configure:14331: gcc -E  conftest.c
configure:14338: $? = 0
configure:14352: result: yes
configure:14385: checking for sys/time.h
configure:14394: result: yes
configure:14263: checking for unistd.h
configure:14270: result: yes
configure:14410: checking for stdint types
configure:14443: gcc -c   conftest.c >&5
configure:14450: $? = 0
configure:14529: result: stdint.h (shortcircuit)
configure:17383: result: make use of stdint.h in check_stdint.h (assuming C99 compatible system)

## ---------------- ##
## Cache variables. ##
## ---------------- ##

ac_cv_build=x86_64-unknown-linux-gnu
ac_cv_c_compiler_gnu=yes
ac_cv_cflags_warn_all_ansi='-Wall -ansi -pedantic'
ac_cv_env_AWK_PATH_set=
ac_cv_env_AWK_PATH_value=
ac_cv_env_CC_set=
ac_cv_env_CC_value=
ac_cv_env_CFLAGS_set=
ac_cv_env_CFLAGS_value=
ac_cv_env_CPPFLAGS_set=
ac_cv_env_CPPFLAGS_value=
ac_cv_env_CPP_set=
ac_cv_env_CPP_value=
ac_cv_env_LDFLAGS_set=
ac_cv_env_LDFLAGS_value=
ac_cv_env_LIBS_set=
ac_cv_env_LIBS_value=
ac_cv_env_build_alias_set=
ac_cv_env_build_alias_value=
ac_cv_env_host_alias_set=
ac_cv_env_host_alias_value=
ac_cv_env_target_alias_set=
ac_cv_env_target_alias_value=
ac_cv_header_dlfcn_h=yes
ac_cv_header_fcntl_h=yes
ac_cv_header_inttypes_h=yes
ac_cv_header_memory_h=yes
ac_cv_header_minix_config_h=no
ac_cv_header_stdc=yes
ac_cv_header_stddef_h=yes
ac_cv_header_stdint=stdint.h
ac_cv_header_stdint_h=yes
ac_cv_header_stdint_t=stdint.h
ac_cv_header_stdlib_h=yes
ac_cv_header_string_h=yes
ac_cv_header_strings_h=yes
ac_cv_header_sys_stat_h=yes
ac_cv_header_sys_time_h=yes
ac_cv_header_sys_types_h=yes
ac_cv_header_sys_wait_h=yes
ac_cv_header_unistd_h=yes
ac_cv_host=x86_64-unknown-linux-gnu
ac_cv_lib_m_floor=yes
ac_cv_lib_rt_clock_gettime=yes
ac_cv_member_struct_itimerspec_it_interval=yes
ac_cv_member_struct_itimerspec_it_value=yes
ac_cv_objext=o
ac_cv_path_EGREP='/bin/grep -E'
ac_cv_path_FGREP='/bin/grep -F'
ac_cv_path_GREP=/bin/grep
ac_cv_path_SED=/bin/sed
ac_cv_path_install='/usr/bin/install -c'
ac_cv_path_mkdir=/bin/mkdir
ac_cv_prog_AWK=gawk
ac_cv_prog_CPP='gcc -E'
ac_cv_prog_GCOV=gcov
ac_cv_prog_ac_ct_AR=ar
ac_cv_prog_ac_ct_CC=gcc
ac_cv_prog_ac_ct_OBJDUMP=objdump
ac_cv_prog_ac_ct_RANLIB=ranlib
ac_cv_prog_ac_ct_STRIP=strip
ac_cv_prog_cc_c89=
ac_cv_prog_cc_g=yes
ac_cv_prog_cc_gcc_c_o=yes
ac_cv_prog_make_make_set=yes
ac_cv_safe_to_define___extensions__=yes
ac_cv_stdint_message='using gnu compiler gcc (GCC) 4.8.2 20140120 (Red Hat 4.8.2-15)'
ac_cv_stdint_result='(assuming C99 compatible system)'
am_cv_CC_dependencies_compiler_type=gcc3
am_cv_ar_interface=ar
ax_cv_c_check_flag__Wextra=yes
ax_cv_c_check_flag__Wmissing_prototypes=yes
ax_cv_c_check_flag__Wno_variadic_macros=yes
ax_cv_c_check_flag__Wstrict_prototypes=yes
ax_cv_c_check_flag__Wwrite_strings=yes
lt_cv_deplibs_check_method=pass_all
lt_cv_file_magic_cmd='$MAGIC_CMD'
lt_cv_file_magic_test_file=
lt_cv_ld_reload_flag=-r
lt_cv_nm_interface='BSD nm'
lt_cv_objdir=.libs
lt_cv_path_LD=/opt/rh/devtoolset-2/root/usr/libexec/gcc/x86_64-redhat-linux/4.8.2/ld
lt_cv_path_NM='/usr/local/bin/nm -B'
lt_cv_prog_compiler_c_o=yes
lt_cv_prog_compiler_pic_works=yes
lt_cv_prog_compiler_rtti_exceptions=no
lt_cv_prog_compiler_static_works=no
lt_cv_prog_gnu_ld=yes
lt_cv_sys_global_symbol_pipe='sed -n -e '\''s/^.*[	 ]\([ABCDGIRSTW][ABCDGIRSTW]*\)[	 ][	 ]*\([_A-Za-z][_A-Za-z0-9]*\)$/\1 \2 \2/p'\'''
lt_cv_sys_global_symbol_to_c_name_address='sed -n -e '\''s/^: \([^ ]*\) $/  {\"\1\", (void *) 0},/p'\'' -e '\''s/^[ABCDGIRSTW]* \([^ ]*\) \([^ ]*\)$/  {"\2", (void *) \&\2},/p'\'''
lt_cv_sys_global_symbol_to_c_name_address_lib_prefix='sed -n -e '\''s/^: \([^ ]*\) $/  {\"\1\", (void *) 0},/p'\'' -e '\''s/^[ABCDGIRSTW]* \([^ ]*\) \(lib[^ ]*\)$/  {"\2", (void *) \&\2},/p'\'' -e '\''s/^[ABCDGIRSTW]* \([^ ]*\) \([^ ]*\)$/  {"lib\2", (void *) \&\2},/p'\'''
lt_cv_sys_global_symbol_to_cdecl='sed -n -e '\''s/^T .* \(.*\)$/extern int \1();/p'\'' -e '\''s/^[ABCDGIRSTW]* .* \(.*\)$/extern char \1;/p'\'''
lt_cv_sys_max_cmd_len=1966080

## ----------------- ##
## Output variables. ##
## ----------------- ##

ACLOCAL='${SHELL} /home/wangying/redjack/check/build-aux/missing --run aclocal-1.11'
AMDEPBACKSLASH='\'
AMDEP_FALSE='#'
AMDEP_TRUE=''
AMTAR='${SHELL} /home/wangying/redjack/check/build-aux/missing --run tar'
AR='ar'
AUTOCONF='${SHELL} /home/wangying/redjack/check/build-aux/missing --run autoconf'
AUTOHEADER='${SHELL} /home/wangying/redjack/check/build-aux/missing --run autoheader'
AUTOMAKE='${SHELL} /home/wangying/redjack/check/build-aux/missing --run automake-1.11'
AWK='gawk'
AWK_GSUB_DBL_BSLASH=''
AWK_PATH=''
CC='gcc'
CCDEPMODE='depmode=gcc3'
CFLAGS='-g -O2 -Wall -ansi -pedantic -Wextra -Wstrict-prototypes -Wmissing-prototypes -Wwrite-strings -Wno-variadic-macros'
CHECK_MAJOR_VERSION='0'
CHECK_MICRO_VERSION='10'
CHECK_MINOR_VERSION='9'
CHECK_VERSION='0.9.10'
CPP='gcc -E'
CPPFLAGS=''
CYGPATH_W='echo'
DEFS=''
DEPDIR='.deps'
DSYMUTIL=''
DUMPBIN=''
ECHO_C=''
ECHO_N='-n'
ECHO_T=''
EGREP='/bin/grep -E'
ENABLE_GCOV_FALSE=''
ENABLE_GCOV_TRUE='#'
ENABLE_SUBUNIT=''
EXEEXT=''
FGREP='/bin/grep -F'
GCOV='gcov'
GCOV_CFLAGS=''
GCOV_LIBS=''
GENHTML='false'
GREP='/bin/grep'
INSTALL_CHECKMK_FALSE=''
INSTALL_CHECKMK_TRUE=''
INSTALL_DATA='${INSTALL} -m 644'
INSTALL_PROGRAM='${INSTALL}'
INSTALL_SCRIPT='${INSTALL}'
INSTALL_STRIP_PROGRAM='$(install_sh) -c -s'
LCOV='false'
LD='/opt/rh/devtoolset-2/root/usr/libexec/gcc/x86_64-redhat-linux/4.8.2/ld -m elf_x86_64'
LDFLAGS=''
LIBOBJS=''
LIBS='-lrt -lm '
LIBSUBUNIT_PC=''
LIBTOOL='$(SHELL) $(top_builddir)/libtool'
LIPO=''
LN_S='ln -s'
LTLIBOBJS=''
MAKEINFO='${SHELL} /home/wangying/redjack/check/build-aux/missing --run makeinfo'
MKDIR_P='/bin/mkdir -p'
NM='/usr/local/bin/nm -B'
NMEDIT=''
NO_TIMEOUT_TESTS_FALSE=''
NO_TIMEOUT_TESTS_TRUE='#'
OBJDUMP='objdump'
OBJEXT='o'
OTOOL64=''
OTOOL=''
PACKAGE='check'
PACKAGE_BUGREPORT='check-devel at lists dot sourceforge dot net'
PACKAGE_NAME='Check'
PACKAGE_STRING='Check 0.9.10'
PACKAGE_TARNAME='check'
PACKAGE_VERSION='0.9.10'
PATH_SEPARATOR=':'
PTHREAD_CC=''
PTHREAD_CFLAGS=''
PTHREAD_LIBS=''
RANLIB='ranlib'
SED='/bin/sed'
SET_MAKE=''
SHELL='/bin/sh'
STRIP='strip'
SUBUNIT_FALSE=''
SUBUNIT_TRUE=''
TEX='false'
VERSION='0.9.10'
ac_ct_AR='ar'
ac_ct_CC='gcc'
ac_ct_DUMPBIN=''
acx_pthread_config=''
am__EXEEXT_FALSE=''
am__EXEEXT_TRUE=''
am__fastdepCC_FALSE='#'
am__fastdepCC_TRUE=''
am__include='include'
am__isrc=''
am__leading_dot='.'
am__nodep='_no'
am__quote=''
am__tar='${AMTAR} chof - "$$tardir"'
am__untar='${AMTAR} xf -'
bindir='${exec_prefix}/bin'
build='x86_64-unknown-linux-gnu'
build_alias=''
build_cpu='x86_64'
build_os='linux-gnu'
build_vendor='unknown'
datadir='${datarootdir}'
datarootdir='${prefix}/share'
docdir='${datarootdir}/doc/${PACKAGE_TARNAME}'
dvidir='${docdir}'
exec_prefix='NONE'
host='x86_64-unknown-linux-gnu'
host_alias=''
host_cpu='x86_64'
host_os='linux-gnu'
host_vendor='unknown'
htmldir='${docdir}'
includedir='${prefix}/include'
infodir='${datarootdir}/info'
install_sh='${SHELL} /home/wangying/redjack/check/build-aux/install-sh'
libdir='${exec_prefix}/lib'
libexecdir='${exec_prefix}/libexec'
localedir='${datarootdir}/locale'
localstatedir='${prefix}/var'
lt_ECHO='echo'
mandir='${datarootdir}/man'
mkdir_p='/bin/mkdir -p'
oldincludedir='/usr/include'
pdfdir='${docdir}'
prefix='NONE'
program_transform_name='s,x,x,'
psdir='${docdir}'
sbindir='${exec_prefix}/sbin'
sharedstatedir='${prefix}/com'
sysconfdir='${prefix}/etc'
target_alias=''

## ----------- ##
## confdefs.h. ##
## ----------- ##

#define PACKAGE_NAME "Check"
#define PACKAGE_TARNAME "check"
#define PACKAGE_VERSION "0.9.10"
#define PACKAGE_STRING "Check 0.9.10"
#define PACKAGE_BUGREPORT "check-devel at lists dot sourceforge dot net"
#define STDC_HEADERS 1
#define HAVE_SYS_TYPES_H 1
#define HAVE_SYS_STAT_H 1
#define HAVE_STDLIB_H 1
#define HAVE_STRING_H 1
#define HAVE_MEMORY_H 1
#define HAVE_STRINGS_H 1
#define HAVE_INTTYPES_H 1
#define HAVE_STDINT_H 1
#define HAVE_UNISTD_H 1
#define __EXTENSIONS__ 1
#define _ALL_SOURCE 1
#define _GNU_SOURCE 1
#define _POSIX_PTHREAD_SEMANTICS 1
#define _TANDEM_SOURCE 1
#define PACKAGE "check"
#define VERSION "0.9.10"
#define __EXTENSIONS__ 1
#define _ALL_SOURCE 1
#define _GNU_SOURCE 1
#define _POSIX_PTHREAD_SEMANTICS 1
#define _TANDEM_SOURCE 1
#define HAVE_DLFCN_H 1
#define LT_OBJDIR ".libs/"
#define HAVE_LIBM 1
#define HAVE_LIBRT 1
#define HAVE_STRUCT_ITIMERSPEC_IT_INTERVAL 1
#define HAVE_STRUCT_ITIMERSPEC_IT_VALUE 1
#define STDC_HEADERS 1
#define HAVE_SYS_WAIT_H 1
#define HAVE_FCNTL_H 1
#define HAVE_STDDEF_H 1
#define HAVE_STDLIB_H 1
#define HAVE_STRING_H 1
#define HAVE_SYS_TIME_H 1
#define HAVE_UNISTD_H 1

configure: exit 2
